<?xml version="1.0" encoding="utf-8"?><testsuites name="pytest tests"><testsuite name="pytest" errors="0" failures="0" skipped="0" tests="45" time="3.456" timestamp="2026-04-04T10:57:54.672350+00:00" hostname="agent-env-63071e8a-e241-4cef-afcd-61bcca827901"><testcase classname="tests.test_admin_endpoints.TestAdminDashboard" name="test_dashboard_returns_200" time="0.262" /><testcase classname="tests.test_admin_endpoints.TestAdminDashboard" name="test_dashboard_contains_required_fields" time="0.142" /><testcase classname="tests.test_admin_endpoints.TestAdminDashboard" name="test_dashboard_field_types" time="0.135" /><testcase classname="tests.test_admin_endpoints.TestAdminUsers" name="test_users_returns_200" time="0.102" /><testcase classname="tests.test_admin_endpoints.TestAdminUsers" name="test_users_returns_list_with_count" time="0.095" /><testcase classname="tests.test_admin_endpoints.TestAdminUsers" name="test_users_no_mongodb_id" time="0.144" /><testcase classname="tests.test_admin_endpoints.TestAdminUsers" name="test_users_contain_required_fields" time="0.105" /><testcase classname="tests.test_admin_endpoints.TestAdminPayments" name="test_payments_returns_200" time="0.101" /><testcase classname="tests.test_admin_endpoints.TestAdminPayments" name="test_payments_returns_list_with_count" time="0.133" /><testcase classname="tests.test_admin_endpoints.TestAdminPayments" name="test_payments_no_mongodb_id" time="0.100" /><testcase classname="tests.test_admin_endpoints.TestAdminPremiumAction" name="test_premium_activate_nonexistent_user_returns_404" time="0.100" /><testcase classname="tests.test_admin_endpoints.TestAdminPremiumAction" name="test_premium_deactivate_nonexistent_user_returns_404" time="0.102" /><testcase classname="tests.test_admin_endpoints.TestAdminPremiumAction" name="test_premium_action_requires_telegram_id" time="0.100" /><testcase classname="tests.test_admin_endpoints.TestAdminPremiumAction" name="test_premium_action_requires_action_field" time="0.098" /><testcase classname="tests.test_admin_endpoints.TestAdminPremiumActivateDeactivate" name="test_premium_activate_existing_user" time="0.211" /><testcase classname="tests.test_admin_endpoints.TestAdminPremiumActivateDeactivate" name="test_premium_deactivate_existing_user" time="0.215" /><testcase classname="tests.test_admin_endpoints.TestAdminPremiumActivateDeactivate" name="test_premium_activate_verify_persistence" time="0.414" /><testcase classname="tests.test_api_endpoints.TestAPIEndpoints" name="test_root_endpoint_returns_running_status" time="0.091" /><testcase classname="tests.test_api_endpoints.TestAPIEndpoints" name="test_stats_endpoint_returns_statistics" time="0.098" /><testcase classname="tests.test_api_endpoints.TestAPIEndpoints" name="test_users_endpoint_returns_user_list" time="0.098" /><testcase classname="tests.test_api_endpoints.TestAPIEndpoints" name="test_coupons_recent_endpoint_returns_coupon_list" time="0.102" /><testcase classname="tests.test_api_endpoints.TestAPIEndpoints" name="test_success_rates_endpoint_returns_rate_data" time="0.105" /><testcase classname="tests.test_api_endpoints.TestAPIEndpoints" name="test_matches_today_endpoint" time="0.140" /><testcase classname="tests.test_api_endpoints.TestAPIEndpoints" name="test_predictions_recent_endpoint" time="0.104" /><testcase classname="tests.test_premium_helper.TestPremiumHelperConstants" name="test_free_total_limit_is_3" time="0.000" /><testcase classname="tests.test_premium_helper.TestPremiumHelperConstants" name="test_prices_exist" time="0.000" /><testcase classname="tests.test_premium_helper.TestCanCreateCoupon" name="test_can_create_coupon_new_user" time="0.000" /><testcase classname="tests.test_premium_helper.TestCanCreateCoupon" name="test_can_create_coupon_under_limit" time="0.000" /><testcase classname="tests.test_premium_helper.TestCanCreateCoupon" name="test_can_create_coupon_blocks_after_3_total_free" time="0.000" /><testcase classname="tests.test_premium_helper.TestCanCreateCoupon" name="test_can_create_coupon_blocks_after_exceeding_limit" time="0.000" /><testcase classname="tests.test_premium_helper.TestCanCreateCoupon" name="test_can_create_coupon_admin_unlimited" time="0.000" /><testcase classname="tests.test_premium_helper.TestCanCreateCoupon" name="test_can_create_coupon_premium_unlimited" time="0.000" /><testcase classname="tests.test_premium_helper.TestCanUseRiskLevel" name="test_can_use_banko_free_user" time="0.000" /><testcase classname="tests.test_premium_helper.TestCanUseRiskLevel" name="test_can_use_orta_free_user" time="0.000" /><testcase classname="tests.test_premium_helper.TestCanUseRiskLevel" name="test_cannot_use_zor_free_user" time="0.000" /><testcase classname="tests.test_premium_helper.TestCanUseRiskLevel" name="test_can_use_zor_premium_user" time="0.000" /><testcase classname="tests.test_premium_helper.TestIsPremiumActive" name="test_is_premium_active_false_for_non_premium" time="0.000" /><testcase classname="tests.test_premium_helper.TestIsPremiumActive" name="test_is_premium_active_false_for_missing_fields" time="0.000" /><testcase classname="tests.test_premium_helper.TestIsPremiumActive" name="test_is_premium_active_true_for_active_premium" time="0.000" /><testcase classname="tests.test_premium_helper.TestIsPremiumActive" name="test_is_premium_active_false_for_expired_premium" time="0.000" /><testcase classname="tests.test_premium_helper.TestActivatePremium" name="test_activate_premium_monthly_returns_correct_fields" time="0.000" /><testcase classname="tests.test_premium_helper.TestActivatePremium" name="test_activate_premium_yearly_returns_correct_fields" time="0.000" /><testcase classname="tests.test_premium_helper.TestActivatePremium" name="test_activate_premium_30_day_duration" time="0.000" /><testcase classname="tests.test_premium_helper.TestGetRemainingDays" name="test_get_remaining_days_non_premium" time="0.000" /><testcase classname="tests.test_premium_helper.TestGetRemainingDays" name="test_get_remaining_days_active_premium" time="0.000" /></testsuite></testsuites>