<?xml version="1.0" encoding="utf-8"?><testsuites name="pytest tests"><testsuite name="pytest" errors="0" failures="0" skipped="0" tests="29" time="1.204" timestamp="2026-04-04T10:05:17.675493+00:00" hostname="agent-env-63071e8a-e241-4cef-afcd-61bcca827901"><testcase classname="tests.test_api_endpoints.TestAPIEndpoints" name="test_root_endpoint_returns_running_status" time="0.212" /><testcase classname="tests.test_api_endpoints.TestAPIEndpoints" name="test_stats_endpoint_returns_statistics" time="0.158" /><testcase classname="tests.test_api_endpoints.TestAPIEndpoints" name="test_users_endpoint_returns_user_list" time="0.141" /><testcase classname="tests.test_api_endpoints.TestAPIEndpoints" name="test_coupons_recent_endpoint_returns_coupon_list" time="0.141" /><testcase classname="tests.test_api_endpoints.TestAPIEndpoints" name="test_success_rates_endpoint_returns_rate_data" time="0.132" /><testcase classname="tests.test_api_endpoints.TestAPIEndpoints" name="test_matches_today_endpoint" time="0.151" /><testcase classname="tests.test_api_endpoints.TestAPIEndpoints" name="test_predictions_recent_endpoint" time="0.099" /><testcase classname="tests.test_premium_helper.TestPremiumHelperConstants" name="test_free_daily_limit_is_3" time="0.000" /><testcase classname="tests.test_premium_helper.TestPremiumHelperConstants" name="test_premium_daily_limit_is_unlimited" time="0.000" /><testcase classname="tests.test_premium_helper.TestPremiumHelperConstants" name="test_prices_exist" time="0.000" /><testcase classname="tests.test_premium_helper.TestCanCreateCoupon" name="test_can_create_coupon_new_user" time="0.000" /><testcase classname="tests.test_premium_helper.TestCanCreateCoupon" name="test_can_create_coupon_under_limit" time="0.000" /><testcase classname="tests.test_premium_helper.TestCanCreateCoupon" name="test_can_create_coupon_blocks_after_3_free" time="0.000" /><testcase classname="tests.test_premium_helper.TestCanCreateCoupon" name="test_can_create_coupon_premium_unlimited" time="0.000" /><testcase classname="tests.test_premium_helper.TestCanCreateCoupon" name="test_can_create_coupon_new_day_resets" time="0.000" /><testcase classname="tests.test_premium_helper.TestCanUseRiskLevel" name="test_can_use_banko_free_user" time="0.000" /><testcase classname="tests.test_premium_helper.TestCanUseRiskLevel" name="test_can_use_orta_free_user" time="0.000" /><testcase classname="tests.test_premium_helper.TestCanUseRiskLevel" name="test_cannot_use_zor_free_user" time="0.000" /><testcase classname="tests.test_premium_helper.TestCanUseRiskLevel" name="test_can_use_zor_premium_user" time="0.000" /><testcase classname="tests.test_premium_helper.TestIsPremiumActive" name="test_is_premium_active_false_for_non_premium" time="0.000" /><testcase classname="tests.test_premium_helper.TestIsPremiumActive" name="test_is_premium_active_false_for_missing_fields" time="0.000" /><testcase classname="tests.test_premium_helper.TestIsPremiumActive" name="test_is_premium_active_true_for_active_premium" time="0.000" /><testcase classname="tests.test_premium_helper.TestIsPremiumActive" name="test_is_premium_active_false_for_expired_premium" time="0.000" /><testcase classname="tests.test_premium_helper.TestActivatePremium" name="test_activate_premium_monthly_returns_correct_fields" time="0.000" /><testcase classname="tests.test_premium_helper.TestActivatePremium" name="test_activate_premium_yearly_returns_correct_fields" time="0.000" /><testcase classname="tests.test_premium_helper.TestGetDailyLimit" name="test_get_daily_limit_free_user" time="0.000" /><testcase classname="tests.test_premium_helper.TestGetDailyLimit" name="test_get_daily_limit_premium_user" time="0.000" /><testcase classname="tests.test_premium_helper.TestGetRemainingDays" name="test_get_remaining_days_non_premium" time="0.000" /><testcase classname="tests.test_premium_helper.TestGetRemainingDays" name="test_get_remaining_days_active_premium" time="0.000" /></testsuite></testsuites>